mode: set
dolittle2/internal/server/grpc_controller.go:25.133,36.16 4 1
dolittle2/internal/server/grpc_controller.go:36.16,37.123 1 0
dolittle2/internal/server/grpc_controller.go:37.123,42.4 1 0
dolittle2/internal/server/grpc_controller.go:42.9,47.4 1 0
dolittle2/internal/server/grpc_controller.go:50.2,53.8 1 1
dolittle2/internal/server/grpc_controller.go:56.136,58.17 2 1
dolittle2/internal/server/grpc_controller.go:58.17,63.3 1 0
dolittle2/internal/server/grpc_controller.go:64.2,66.13 2 1
dolittle2/internal/server/grpc_controller.go:66.13,71.3 1 0
dolittle2/internal/server/grpc_controller.go:73.2,74.16 2 1
dolittle2/internal/server/grpc_controller.go:74.16,80.3 1 0
dolittle2/internal/server/grpc_controller.go:82.2,85.8 1 1
dolittle2/internal/server/grpc_controller.go:88.129,91.36 3 1
dolittle2/internal/server/grpc_controller.go:91.36,96.3 1 0
dolittle2/internal/server/grpc_controller.go:98.2,99.16 2 1
dolittle2/internal/server/grpc_controller.go:99.16,104.3 1 0
dolittle2/internal/server/grpc_controller.go:106.2,107.34 2 1
dolittle2/internal/server/grpc_controller.go:107.34,109.3 1 1
dolittle2/internal/server/grpc_controller.go:111.2,113.8 1 1
dolittle2/internal/server/grpc_controller.go:116.133,119.17 2 1
dolittle2/internal/server/grpc_controller.go:119.17,124.3 1 0
dolittle2/internal/server/grpc_controller.go:126.2,127.13 2 1
dolittle2/internal/server/grpc_controller.go:127.13,132.3 1 0
dolittle2/internal/server/grpc_controller.go:134.2,135.16 2 1
dolittle2/internal/server/grpc_controller.go:135.16,136.64 1 0
dolittle2/internal/server/grpc_controller.go:136.64,140.4 1 0
dolittle2/internal/server/grpc_controller.go:141.3,145.4 1 0
dolittle2/internal/server/grpc_controller.go:148.2,149.32 2 1
dolittle2/internal/server/grpc_controller.go:149.32,154.3 1 1
dolittle2/internal/server/grpc_controller.go:156.2,159.8 1 1
dolittle2/internal/server/grpc_controller.go:162.57,168.6 4 1
dolittle2/internal/server/grpc_controller.go:168.6,170.17 2 1
dolittle2/internal/server/grpc_controller.go:170.17,173.12 3 1
dolittle2/internal/server/grpc_controller.go:175.3,175.8 1 1
dolittle2/internal/server/grpc_controller.go:178.2,190.16 5 1
dolittle2/internal/server/grpc_controller.go:190.16,192.3 1 0
dolittle2/internal/server/rest_controller.go:27.81,29.2 1 1
dolittle2/internal/server/rest_controller.go:31.67,35.16 3 1
dolittle2/internal/server/rest_controller.go:35.16,37.3 1 0
dolittle2/internal/server/rest_controller.go:39.2,47.24 2 1
dolittle2/internal/server/rest_controller.go:47.24,49.3 1 1
dolittle2/internal/server/rest_controller.go:51.2,52.16 2 1
dolittle2/internal/server/rest_controller.go:52.16,53.123 1 0
dolittle2/internal/server/rest_controller.go:53.123,55.4 1 0
dolittle2/internal/server/rest_controller.go:56.3,56.108 1 0
dolittle2/internal/server/rest_controller.go:58.2,61.4 1 1
dolittle2/internal/server/rest_controller.go:64.70,66.22 2 1
dolittle2/internal/server/rest_controller.go:66.22,68.3 1 0
dolittle2/internal/server/rest_controller.go:70.2,71.16 2 1
dolittle2/internal/server/rest_controller.go:71.16,73.3 1 1
dolittle2/internal/server/rest_controller.go:75.2,77.16 2 1
dolittle2/internal/server/rest_controller.go:77.16,79.3 1 0
dolittle2/internal/server/rest_controller.go:81.2,81.26 1 1
dolittle2/internal/server/rest_controller.go:81.26,83.3 1 0
dolittle2/internal/server/rest_controller.go:85.2,88.4 1 1
dolittle2/internal/server/rest_controller.go:91.66,95.52 3 1
dolittle2/internal/server/rest_controller.go:95.52,97.3 1 0
dolittle2/internal/server/rest_controller.go:99.2,100.16 2 1
dolittle2/internal/server/rest_controller.go:100.16,102.3 1 0
dolittle2/internal/server/rest_controller.go:104.2,105.16 2 1
dolittle2/internal/server/rest_controller.go:105.16,107.3 1 0
dolittle2/internal/server/rest_controller.go:109.2,110.16 2 1
dolittle2/internal/server/rest_controller.go:110.16,112.3 1 0
dolittle2/internal/server/rest_controller.go:114.2,115.34 2 1
dolittle2/internal/server/rest_controller.go:115.34,117.3 1 1
dolittle2/internal/server/rest_controller.go:119.2,119.81 1 1
dolittle2/internal/server/rest_controller.go:122.69,125.22 2 1
dolittle2/internal/server/rest_controller.go:125.22,127.3 1 0
dolittle2/internal/server/rest_controller.go:129.2,130.16 2 1
dolittle2/internal/server/rest_controller.go:130.16,132.3 1 0
dolittle2/internal/server/rest_controller.go:134.2,135.16 2 1
dolittle2/internal/server/rest_controller.go:135.16,136.64 1 0
dolittle2/internal/server/rest_controller.go:136.64,138.4 1 0
dolittle2/internal/server/rest_controller.go:139.3,139.126 1 0
dolittle2/internal/server/rest_controller.go:142.2,142.89 1 1
dolittle2/internal/server/routers.go:9.54,16.2 5 0
